# JRE version: OpenJDK Runtime Environment (11.0.12+7) (build 11.0.12+7-b1504.28-7817840)
# Java VM: OpenJDK 64-Bit Server VM (11.0.12+7-b1504.28-7817840, mixed mode, tiered, compressed oops, g1 gc, windows-amd64)
Heap:
 garbage-first heap   total 386048K, used 157399K [0x0000000080000000, 0x0000000100000000)
  region size 1024K, 2 young (2048K), 2 survivors (2048K)
 Metaspace       used 150457K, capacity 155179K, committed 155980K, reserved 1183744K
  class space    used 18978K, capacity 20671K, committed 20864K, reserved 1048576K
GC Heap History (20 events):
Event: 2264.213 GC heap after
{Heap after GC invocations=130 (full 0):
 garbage-first heap   total 242688K, used 155203K [0x0000000080000000, 0x0000000100000000)
  region size 1024K, 3 young (3072K), 3 survivors (3072K)
 Metaspace       used 149850K, capacity 154750K, committed 155468K, reserved 1183744K
  class space    used 18979K, capacity 20687K, committed 20864K, reserved 1048576K
}
Event: 2264.297 GC heap before
{Heap before GC invocations=130 (full 0):
 garbage-first heap   total 242688K, used 183875K [0x0000000080000000, 0x0000000100000000)
  region size 1024K, 31 young (31744K), 3 survivors (3072K)
 Metaspace       used 150127K, capacity 154974K, committed 155724K, reserved 1183744K
  class space    used 18995K, capacity 20719K, committed 20864K, reserved 1048576K
}
Event: 2264.301 GC heap after
{Heap after GC invocations=131 (full 0):
 garbage-first heap   total 242688K, used 157955K [0x0000000080000000, 0x0000000100000000)
  region size 1024K, 4 young (4096K), 4 survivors (4096K)
 Metaspace       used 150127K, capacity 154974K, committed 155724K, reserved 1183744K
  class space    used 18995K, capacity 20719K, committed 20864K, reserved 1048576K
}
Event: 2264.372 GC heap before
{Heap before GC invocations=131 (full 0):
 garbage-first heap   total 242688K, used 187651K [0x0000000080000000, 0x0000000100000000)
  region size 1024K, 33 young (33792K), 4 survivors (4096K)
 Metaspace       used 150209K, capacity 155102K, committed 155724K, reserved 1183744K
  class space    used 18997K, capacity 20719K, committed 20864K, reserved 1048576K
}
Event: 2264.379 GC heap after
{Heap after GC invocations=132 (full 0):
 garbage-first heap   total 242688K, used 160219K [0x0000000080000000, 0x0000000100000000)
  region size 1024K, 3 young (3072K), 3 survivors (3072K)
 Metaspace       used 150209K, capacity 155102K, committed 155724K, reserved 1183744K
  class space    used 18997K, capacity 20719K, committed 20864K, reserved 1048576K
}
Event: 2264.519 GC heap before
{Heap before GC invocations=132 (full 0):
 garbage-first heap   total 242688K, used 190939K [0x0000000080000000, 0x0000000100000000)
  region size 1024K, 33 young (33792K), 3 survivors (3072K)
 Metaspace       used 150273K, capacity 155067K, committed 155724K, reserved 1183744K
  class space    used 18980K, capacity 20661K, committed 20864K, reserved 1048576K
}
Event: 2264.523 GC heap after
{Heap after GC invocations=133 (full 0):
 garbage-first heap   total 242688K, used 159971K [0x0000000080000000, 0x0000000100000000)
  region size 1024K, 2 young (2048K), 2 survivors (2048K)
 Metaspace       used 150273K, capacity 155067K, committed 155724K, reserved 1183744K
  class space    used 18980K, capacity 20661K, committed 20864K, reserved 1048576K
}
Event: 2264.650 GC heap before
{Heap before GC invocations=134 (full 0):
 garbage-first heap   total 242688K, used 193763K [0x0000000080000000, 0x0000000100000000)
  region size 1024K, 35 young (35840K), 2 survivors (2048K)
 Metaspace       used 150296K, capacity 155067K, committed 155724K, reserved 1183744K
  class space    used 18982K, capacity 20661K, committed 20864K, reserved 1048576K
}
Event: 2264.653 GC heap after
{Heap after GC invocations=135 (full 0):
 garbage-first heap   total 242688K, used 159959K [0x0000000080000000, 0x0000000100000000)
  region size 1024K, 2 young (2048K), 2 survivors (2048K)
 Metaspace       used 150296K, capacity 155067K, committed 155724K, reserved 1183744K
  class space    used 18982K, capacity 20661K, committed 20864K, reserved 1048576K
}
Event: 2264.686 GC heap before
{Heap before GC invocations=135 (full 0):
 garbage-first heap   total 242688K, used 169175K [0x0000000080000000, 0x0000000100000000)
  region size 1024K, 11 young (11264K), 2 survivors (2048K)
 Metaspace       used 150306K, capacity 155067K, committed 155724K, reserved 1183744K
  class space    used 18982K, capacity 20661K, committed 20864K, reserved 1048576K
}
Event: 2264.701 GC heap after
{Heap after GC invocations=136 (full 0):
 garbage-first heap   total 242688K, used 157708K [0x0000000080000000, 0x0000000100000000)
  region size 1024K, 1 young (1024K), 1 survivors (1024K)
 Metaspace       used 150306K, capacity 155067K, committed 155724K, reserved 1183744K
  class space    used 18982K, capacity 20661K, committed 20864K, reserved 1048576K
}
Event: 2264.863 GC heap before
{Heap before GC invocations=136 (full 0):
 garbage-first heap   total 242688K, used 192524K [0x0000000080000000, 0x0000000100000000)
  region size 1024K, 36 young (36864K), 1 survivors (1024K)
 Metaspace       used 150337K, capacity 155081K, committed 155724K, reserved 1183744K
  class space    used 18983K, capacity 20663K, committed 20864K, reserved 1048576K
}
Event: 2264.872 GC heap after
{Heap after GC invocations=137 (full 0):
 garbage-first heap   total 242688K, used 157996K [0x0000000080000000, 0x0000000100000000)
  region size 1024K, 1 young (1024K), 1 survivors (1024K)
 Metaspace       used 150337K, capacity 155081K, committed 155724K, reserved 1183744K
  class space    used 18983K, capacity 20663K, committed 20864K, reserved 1048576K
}
Event: 2265.413 GC heap before
{Heap before GC invocations=138 (full 0):
 garbage-first heap   total 242688K, used 194860K [0x0000000080000000, 0x0000000100000000)
  region size 1024K, 38 young (38912K), 1 survivors (1024K)
 Metaspace       used 150429K, capacity 155115K, committed 155980K, reserved 1183744K
  class space    used 18978K, capacity 20671K, committed 20864K, reserved 1048576K
}
Event: 2265.434 GC heap after
{Heap after GC invocations=139 (full 0):
 garbage-first heap   total 242688K, used 158637K [0x0000000080000000, 0x0000000100000000)
  region size 1024K, 2 young (2048K), 2 survivors (2048K)
 Metaspace       used 150429K, capacity 155115K, committed 155980K, reserved 1183744K
  class space    used 18978K, capacity 20671K, committed 20864K, reserved 1048576K
}
Event: 2265.478 GC heap before
{Heap before GC invocations=139 (full 0):
 garbage-first heap   total 242688K, used 167853K [0x0000000080000000, 0x0000000100000000)
  region size 1024K, 11 young (11264K), 2 survivors (2048K)
 Metaspace       used 150433K, capacity 155115K, committed 155980K, reserved 1183744K
  class space    used 18978K, capacity 20671K, committed 20864K, reserved 1048576K
}
Event: 2265.497 GC heap after
{Heap after GC invocations=140 (full 0):
 garbage-first heap   total 242688K, used 156776K [0x0000000080000000, 0x0000000100000000)
  region size 1024K, 2 young (2048K), 2 survivors (2048K)
 Metaspace       used 150433K, capacity 155115K, committed 155980K, reserved 1183744K
  class space    used 18978K, capacity 20671K, committed 20864K, reserved 1048576K
}
Event: 2265.504 GC heap before
{Heap before GC invocations=140 (full 0):
 garbage-first heap   total 242688K, used 156776K [0x0000000080000000, 0x0000000100000000)
  region size 1024K, 3 young (3072K), 2 survivors (2048K)
 Metaspace       used 150434K, capacity 155115K, committed 155980K, reserved 1183744K
  class space    used 18978K, capacity 20671K, committed 20864K, reserved 1048576K
}
Event: 2265.511 GC heap after
{Heap after GC invocations=141 (full 0):
 garbage-first heap   total 242688K, used 156764K [0x0000000080000000, 0x0000000100000000)
  region size 1024K, 2 young (2048K), 2 survivors (2048K)
 Metaspace       used 150434K, capacity 155115K, committed 155980K, reserved 1183744K
  class space    used 18978K, capacity 20671K, committed 20864K, reserved 1048576K
}
Event: 2265.647 GC heap before
{Heap before GC invocations=141 (full 0):
 garbage-first heap   total 242688K, used 193628K [0x0000000080000000, 0x0000000100000000)
  region size 1024K, 38 young (38912K), 2 survivors (2048K)
 Metaspace       used 150457K, capacity 155179K, committed 155980K, reserved 1183744K
  class space    used 18978K, capacity 20671K, committed 20864K, reserved 1048576K
}

